Connection to database successful
Days to scrap: 29
Start scrapping total pages: 4276
-------------------------------------------------------------
Start scrapping page: 4276
jobs: 1 2 3 4 5 6 7 8 9 10 11 12 13 14 15 16 17 18 19 20 21 22 23 24 25 26 27 28 29 30 31 32 33 34 35 36 37 38 39 40 41 42 43 44 45 46 47 48 49 50 | new entries found:0 | | page 4276 is saved |
-------------------------------------------------------------
Start scrapping page: 4275
jobs: 1 2 3 4 5 6 7 8 9 10 11 12 13 14 15 16 17 18 19 20 21 22 23 HTTPSConnectionPool(host='www.anglo.com', port=443): Read timed out. (read timeout=5)
24 HTTPSConnectionPool(host='www.anglo.com', port=443): Read timed out. (read timeout=5)
25 HTTPSConnectionPool(host='www.anglo.com', port=443): Read timed out. (read timeout=5)
26 27 28 29 30 31 32 33 34 35 36 37 38 39 40 41 42 43 44 45 46 47 48 49 50 | new entries found:0 | | page 4275 is saved |
-------------------------------------------------------------
Start scrapping page: 4274
jobs: 1 2 3 4 5 6 7 8 9 10 11 12 13 14 15 16 17 18 19 20 21 22 23 24 25 26 27 28 29 30 31 32 33 34 35 36 37 38 39 40 41 42 43 44 45 46 47 48 49 50 | new entries found:0 | | page 4274 is saved |
-------------------------------------------------------------
Start scrapping page: 4273
jobs: 1 2 3 4 5 6 7 8 9 10 11 12 13 14 15 16 17 18 19 20 21 22 23 24 25 26 27 28 29 30 31 32 33 34 35 36 37 38 39 40 41 42 43 44 45 46 47 48 49 50 | new entries found:0 | | page 4273 is saved |
-------------------------------------------------------------
Start scrapping page: 4272
jobs: 1 2 3 4 5 6 7 8 9 10 11 12 13 14 15 16 17 18 19 20 HTTPSConnectionPool(host='www.lancashirecare.nhs.uk', port=443): Max retries exceeded with url: /current-vacancies (Caused by SSLError(SSLCertVerificationError(1, '[SSL: CERTIFICATE_VERIFY_FAILED] certificate verify failed: unable to get local issuer certificate (_ssl.c:1129)')))
21 HTTPSConnectionPool(host='www.lancashirecare.nhs.uk', port=443): Max retries exceeded with url: /current-vacancies (Caused by SSLError(SSLCertVerificationError(1, '[SSL: CERTIFICATE_VERIFY_FAILED] certificate verify failed: unable to get local issuer certificate (_ssl.c:1129)')))
22 HTTPSConnectionPool(host='www.lancashirecare.nhs.uk', port=443): Max retries exceeded with url: /current-vacancies (Caused by SSLError(SSLCertVerificationError(1, '[SSL: CERTIFICATE_VERIFY_FAILED] certificate verify failed: unable to get local issuer certificate (_ssl.c:1129)')))
23 HTTPSConnectionPool(host='www.lancashirecare.nhs.uk', port=443): Max retries exceeded with url: /current-vacancies (Caused by SSLError(SSLCertVerificationError(1, '[SSL: CERTIFICATE_VERIFY_FAILED] certificate verify failed: unable to get local issuer certificate (_ssl.c:1129)')))
24 HTTPSConnectionPool(host='www.lancashirecare.nhs.uk', port=443): Max retries exceeded with url: /current-vacancies (Caused by SSLError(SSLCertVerificationError(1, '[SSL: CERTIFICATE_VERIFY_FAILED] certificate verify failed: unable to get local issuer certificate (_ssl.c:1129)')))
25 HTTPSConnectionPool(host='www.lancashirecare.nhs.uk', port=443): Max retries exceeded with url: /current-vacancies (Caused by SSLError(SSLCertVerificationError(1, '[SSL: CERTIFICATE_VERIFY_FAILED] certificate verify failed: unable to get local issuer certificate (_ssl.c:1129)')))
26 27 28 29 30 31 32 33 34 35 36 37 38 39 40 41 42 43 44 45 46 47 48 49 50 | new entries found:0 | | page 4272 is saved |
-------------------------------------------------------------
Start scrapping page: 4271
jobs: 1 2 3 4 5 6 7 8 9 10 11 12 13 14 15 16 17 18 19 20 21 22 23 24 25 26 27 28 29 30 31 32 33 34 35 36 37 38 39 40 41 42 43 44 45 46 47 48 49 50 | new entries found:0 | | page 4271 is saved |
-------------------------------------------------------------
Start scrapping page: 4270
jobs: 1 2 3 4 5 6 7 8 9 10 11 12 13 14 15 16 17 18 19 20 21 22 23 24 25 26 27 28 29 30 31 32 33 34 35 36 37 38 39 40 41 42 43 44 45 46 47 48 49 50 | new entries found:7 | | page 4270 is saved |
-------------------------------------------------------------
Start scrapping page: 4269
jobs: 1 2 3 4 5 6 7 8 9 10 11 12 13 HTTPSConnectionPool(host='joindhc.co.uk', port=443): Max retries exceeded with url: / (Caused by SSLError(SSLEOFError(8, 'EOF occurred in violation of protocol (_ssl.c:1129)')))
14 15 16 17 18 19 20 21 22 23 24 25 26 27 28 29 30 31 32 33 34 35 36 37 38 39 40 41 42 43 44 45 46 47 48 49 50 | new entries found:0 | | page 4269 is saved |
-------------------------------------------------------------
Start scrapping page: 4268
jobs: 1 2 3 4 5 6 7 8 9 10 11 12 13 14 15 16 17 18 19 20 21 22 23 24 25 26 27 28 29 30 31 32 33 34 35 36 37 38 39 40 41 42 43 44 45 46 47 48 49 50 | new entries found:0 | | page 4268 is saved |
-------------------------------------------------------------
Start scrapping page: 4267
jobs: 1 2 3 4 5 6 7 8 9 10 11 12 13 14 15 16 17 18 19 20 21 22 23 24 25 26 27 28 29 30 31 32 33 34 35 36 37 38 39 40 41 42 43 44 45 46 47 48 49 50 | new entries found:0 | | page 4267 is saved |
-------------------------------------------------------------
Start scrapping page: 4266
jobs: 1 2 3 4 5 6 7 8 9 10 11 12 13 14 15 16 17 18 19 20 21 22 23 24 25 26 27 28 29 30 31 32 33 34 35 36 37 38 39 40 41 42 43 44 45 46 47 48 49 50 | new entries found:0 | | page 4266 is saved |
-------------------------------------------------------------
Start scrapping page: 4265
jobs: 1 2 3 4 5 6 7 8 9 10 11 12 13 14 15 16 17 18 19 20 21 22 23 24 25 26 27 28 29 30 31 32 33 34 35 36 37 38 39 40 41 42 43 44 45 46 47 48 49 50 | new entries found:0 | | page 4265 is saved |
-------------------------------------------------------------
Start scrapping page: 4264
jobs: 1 2 3 4 5 6 7 8 9 10 11 12 13 14 15 16 17 18 19 20 21 22 23 24 25 26 27 28 29 30 31 32 33 34 35 36 37 38 39 40 41 42 43 44 45 46 47 48 49 50 | new entries found:0 | | page 4264 is saved |
-------------------------------------------------------------
Start scrapping page: 4263
jobs: 1 2 3 4 5 6 7 8 9 10 11 12 13 14 15 16 17 18 19 20 21 22 23 24 25 26 27 28 29 30 31 32 33 34 35 36 37 38 39 40 41 42 43 44 45 46 47 48 49 50 | new entries found:0 | | page 4263 is saved |
-------------------------------------------------------------
Start scrapping page: 4262
jobs: 1 2 3 4 5 6 7 8 9 10 11 12 13 14 15 16 17 18 19 20 21 22 23 24 25 26 27 28 29 30 31 32 33 34 35 36 37 38 39 40 41 42 43 44 45 46 47 48 49 50 | new entries found:0 | | page 4262 is saved |
-------------------------------------------------------------
Start scrapping page: 4261
jobs: 1 2 3 4 5 6 7 8 9 10 11 12 13 14 15 16 17 18 19 20 21 22 23 24 25 26 27 28 29 30 31 32 33 34 35 36 37 38 39 40 41 42 43 44 45 46 47 48 49 50 | new entries found:0 | | page 4261 is saved |
-------------------------------------------------------------
Start scrapping page: 4260
jobs: 1 2 3 4 5 6 7 8 9 10 11 12 13 14 15 16 17 18 19 20 21 22 23 24 25 26 27 28 29 30 31 32 33 34 35 36 37 38 39 40 41 42 43 44 45 46 47 48 49 50 | new entries found:2 | | page 4260 is saved |
-------------------------------------------------------------
Start scrapping page: 4259
jobs: 1 2 3 4 5 6 7 8 9 10 11 12 13 14 15 16 17 18 19 20 21 22 23 24 25 26 27 28 29 30 31 32 33 34 35 36 37 38 39 40 41 42 43 HTTPConnectionPool(host='www.iceandcareers.co.uk', port=80): Max retries exceeded with url: / (Caused by NewConnectionError('<urllib3.connection.HTTPConnection object at 0x7fc5efbd9b20>: Failed to establish a new connection: [Errno -2] Name or service not known'))
44 45 46 47 48 49 50 | new entries found:0 | | page 4259 is saved |
-------------------------------------------------------------
Start scrapping page: 4258
jobs: 1 2 3 4 5 6 7 8 9 10 11 12 13 14 15 16 17 18 19 20 21 22 23 24 25 26 27 28 29 30 31 32 33 34 35 36 37 38 39 40 41 42 43 44 45 46 47 48 49 50 | new entries found:0 | | page 4258 is saved |
-------------------------------------------------------------
Start scrapping page: 4257
jobs: 1 2 3 4 5 6 7 8 9 10 11 12 13 14 15 16 17 18 19 20 21 22 23 24 25 26 27 28 29 30 31 32 33 34 35 36 37 38 39 40 41 42 43 44 45 46 47 48 49 50 | new entries found:0 | | page 4257 is saved |
-------------------------------------------------------------
Start scrapping page: 4256
jobs: 1 2 3 4 5 6 7 8 9 10 11 12 13 14 15 16 17 18 19 20 21 22 23 24 25 26 27 28 29 30 31 32 33 34 35 36 37 38 39 40 41 42 43 44 45 46 47 48 49 50 | new entries found:0 | | page 4256 is saved |
-------------------------------------------------------------
Start scrapping page: 4255
jobs: 1 2 3 4 5 6 7 8 9 10 11 12 13 14 15 16 17 18 19 20 21 22 23 24 25 26 27 28 29 30 31 32 33 34 35 36 37 38 39 40 41 42 43 44 45 46 47 48 49 50 | new entries found:0 | | page 4255 is saved |
-------------------------------------------------------------
Start scrapping page: 4254
jobs: 1 2 3 4 5 6 7 8 9 10 11 12 13 14 15 16 17 18 19 20 21 22 23 24 25 26 27 28 29 30 31 32 33 34 35 36 37 38 39 40 41 42 43 44 45 46 47 48 49 50 | new entries found:0 | | page 4254 is saved |
-------------------------------------------------------------
Start scrapping page: 4253
jobs: 1 2 3 4 5 6 7 8 9 10 11 12 13 14 15 16 17 18 19 20 21 22 23 24 25 26 27 28 29 30 31 32 33 34 35 36 37 38 39 40 41 42 43 44 45 46 47 48 49 50 | new entries found:0 | | page 4253 is saved |
-------------------------------------------------------------
Start scrapping page: 4252
jobs: 1 2 3 4 5 6 7 8 9 10 11 12 13 14 15 16 17 18 19 20 21 22 23 24 25 26 27 28 29 30 31 32 33 34 35 36 37 38 39 40 41 42 43 44 45 46 47 48 49 50 | new entries found:0 | | page 4252 is saved |
-------------------------------------------------------------
Start scrapping page: 4251
jobs: 1 2 3 4 5 6 7 8 9 10 11 12 13 14 15 16 17 18 19 20 21 22 23 24 25 26 27 28 29 30 31 32 33 34 35 HTTPSConnectionPool(host='ats.weare.guru', port=443): Read timed out. (read timeout=5)
36 37 38 39 40 41 